#
# A fatal error has been detected by the Java Runtime Environment:
#
#  SIGSEGV (0xb) at pc=0x0000000165c0532f, pid=21503, tid=21510
#
# JRE version:  (11.0.7+10) (build )
# Java VM: OpenJDK 64-Bit Server VM (11.0.7+10-post-Ubuntu-2ubuntu218.04, mixed mode, sharing, tiered, compressed oops, g1 gc, linux-amd64)
# Problematic frame:
# C  0x0000000165c0532f
#
# Core dump will be written. Default location: Core dumps may be processed with "/usr/share/apport/apport %p %s %c %d %P %E" (or dumping to /home/caleb/Documents/git/page-rank/core.21503)
#
# If you would like to submit a bug report, please visit:
#   https://bugs.launchpad.net/ubuntu/+source/openjdk-lts
#

---------------  S U M M A R Y ------------

Command Line: -agentlib:jdwp=transport=dt_socket,suspend=y,address=localhost:33443 -javaagent:/home/caleb/eclipse/java-2020-06/eclipse/configuration/org.eclipse.osgi/215/0/.cp/lib/javaagent-shaded.jar -Dfile.encoding=UTF-8 edu.stevens.cs549.hadoop.pagerank.PageRankDriver composite /home/caleb/Documents/data/init/input/links-simple-sorted /home/caleb/Documents/data/finish/output /home/caleb/Documents/data/iter/output /home/caleb/Documents/data/iter/output2 /home/caleb/Documents/data/diff/output 20

Host: AMD Ryzen 5 1600 Six-Core Processor, 6 cores, 15G, Ubuntu 18.04.4 LTS
Time: Sat Aug  8 20:26:14 2020 EDT elapsed time: 0 seconds (0d 0h 0m 0s)

---------------  T H R E A D  ---------------

Current thread (0x00007fbe5c01a000):  JavaThread "Unknown thread" [_thread_in_vm, id=21510, stack(0x00007fbe65b06000,0x00007fbe65c07000)]

Stack: [0x00007fbe65b06000,0x00007fbe65c07000],  sp=0x00007fbe65c04d68,  free space=1019k
Native frames: (J=compiled Java code, A=aot compiled Java code, j=interpreted, Vv=VM code, C=native code)
C  0x0000000165c0532f
V  [libjvm.so+0x3eb119]
C  0x00007fbe65c04e40
C  0x00007fbe65c05150
V  [libjvm.so+0xcbaf89]
V  [libjvm.so+0xcb3266]
V  [libjvm.so+0xcb39cc]
V  [libjvm.so+0xb4d5a0]
V  [libjvm.so+0x82732c]
V  [libjvm.so+0xd4f63f]
V  [libjvm.so+0xd5027a]
V  [libjvm.so+0xd4dd4a]
V  [libjvm.so+0xd4e7dd]
V  [libjvm.so+0xd4e951]
V  [libjvm.so+0xdb0778]
V  [libjvm.so+0xdb10fc]
V  [libjvm.so+0x81c0a8]
V  [libjvm.so+0xd8971f]
V  [libjvm.so+0x8d5871]  JNI_CreateJavaVM+0x51
C  [libjli.so+0x4a66]
C  [libjli.so+0x92cd]


siginfo: si_signo: 11 (SIGSEGV), si_code: 1 (SEGV_MAPERR), si_addr: 0x0000000165c0532f

Registers:
RAX=0x00007fbe65c04ee0, RBX=0x0000000000000000, RCX=0x00007fbe64649f89, RDX=0x00007fbe65c05150
RSP=0x00007fbe65c04d68, RBP=0x00007fbe65c04db0, RSI=0x0000000000000000, RDI=0x00007fbe65c04df8
R8 =0x000000005c01a600, R9 =0x0000000000007fbe, R10=0x0000000000000100, R11=0x0000000000000000
R12=0x00007fbe65c05200, R13=0x00007fbe65c04df8, R14=0x000000005c01a600, R15=0x00007fbe64649f89
RIP=0x0000000165c0532f, EFLAGS=0x0000000000010202, CSGSFS=0x002b000000000033, ERR=0x0000000000000014
  TRAPNO=0x000000000000000e

Top of Stack: (sp=0x00007fbe65c04d68)
0x00007fbe65c04d68:   00007fbe63d768a3 00007fbe65c05150
0x00007fbe65c04d78:   00007fbe64c7d000 0000000000000000
0x00007fbe65c04d88:   00007fbe65c05200 0000000000000004
0x00007fbe65c04d98:   ffffffffffffffff 0000000000000004 

Instructions: (pc=0x0000000165c0532f)
0x0000000165c0522f:   
[error occurred during error reporting (printing registers, top of stack, instructions near pc), id 0xb, SIGSEGV (0xb) at pc=0x00007fbe64553b5a]


---------------  P R O C E S S  ---------------

Threads class SMR info:
_java_thread_list=0x00005580b6854f40, length=0, elements={
}

Java Threads: ( => current thread )

Other Threads:
  0x00007fbe5c033000 GCTaskThread "GC Thread#0" [stack: 0x00007fbe616a0000,0x00007fbe617a0000] [id=21512]
  0x00007fbe5c091800 ConcurrentGCThread "G1 Main Marker" [stack: 0x00007fbe381b0000,0x00007fbe382b0000] [id=21513]
  0x00007fbe5c093800 ConcurrentGCThread "G1 Conc#0" [stack: 0x00007fbe380ae000,0x00007fbe381ae000] [id=21514]
  0x00007fbe5c18c800 ConcurrentGCThread "G1 Refine#0" [stack: 0x00007fbe318fa000,0x00007fbe319fa000] [id=21515]
  0x00007fbe5c18e000 ConcurrentGCThread "G1 Young RemSet Sampling" [stack: 0x00007fbe317f8000,0x00007fbe318f8000] [id=21516]

=>0x00007fbe5c01a000 (exited) JavaThread "Unknown thread" [_thread_in_vm, id=21510, stack(0x00007fbe65b06000,0x00007fbe65c07000)]

Threads with active compile tasks:

VM state:not at safepoint (not fully initialized)

VM Mutex/Monitor currently owned by a thread:  ([mutex/lock_event])
[0x00007fbe5c016390] AdapterHandlerLibrary_lock - owner thread: 0x00007fbe5c01a000

Heap address: 0x0000000705600000, size: 4010 MB, Compressed Oops mode: Zero based, Oop shift amount: 3
Narrow klass base: 0x0000000800000000, Narrow klass shift: 3
Compressed class space size: 1073741824 Address: 0x0000000840000000

GC Heap History (0 events):
No events

Deoptimization events (0 events):
No events

Classes redefined (0 events):
No events

Internal exceptions (0 events):
No events

Events (3 events):
Event: 0.002 Protecting memory [0x00007fbe65b06000,0x00007fbe65b0a000] with protection modes 0
Event: 0.003 Loaded shared library /usr/lib/jvm/java-11-openjdk-amd64/lib/libzip.so
Event: 0.003 Loaded shared library /usr/lib/jvm/java-11-openjdk-amd64/lib/libjimage.so


Dynamic libraries:
705600000-715200000 rw-p 00000000 00:00 0 
715200000-7bfe00000 ---p 00000000 00:00 0 
7bfe00000-7bfe47000 rw-p 0110b000 08:01 269753                           /usr/lib/jvm/java-11-openjdk-amd64/lib/server/classes.jsa
7bfe47000-7bff00000 rw-p 00000000 00:00 0 
7bff00000-7bff6a000 rw-p 010a1000 08:01 269753                           /usr/lib/jvm/java-11-openjdk-amd64/lib/server/classes.jsa
7bff6a000-7c0000000 rw-p 00000000 00:00 0 
7c0000000-800000000 ---p 00000000 00:00 0 
800000000-800002000 rwxp 00001000 08:01 269753                           /usr/lib/jvm/java-11-openjdk-amd64/lib/server/classes.jsa
800002000-8010a0000 rw-p 00003000 08:01 269753                           /usr/lib/jvm/java-11-openjdk-amd64/lib/server/classes.jsa
840000000-880000000 ---p 00000000 00:00 0 
5580b48cb000-5580b48cc000 r-xp 00000000 08:01 264365                     /usr/lib/jvm/java-11-openjdk-amd64/bin/java
5580b4acc000-5580b4acd000 r--p 00001000 08:01 264365                     /usr/lib/jvm/java-11-openjdk-amd64/bin/java
5580b4acd000-5580b4ace000 rw-p 00002000 08:01 264365                     /usr/lib/jvm/java-11-openjdk-amd64/bin/java
5580b683b000-5580b685c000 rw-p 00000000 00:00 0                          [heap]
7fbe20000000-7fbe20021000 rw-p 00000000 00:00 0 
7fbe20021000-7fbe24000000 ---p 00000000 00:00 0 
7fbe28000000-7fbe28021000 rw-p 00000000 00:00 0 
7fbe28021000-7fbe2c000000 ---p 00000000 00:00 0 
7fbe2c000000-7fbe2c021000 rw-p 00000000 00:00 0 
7fbe2c021000-7fbe30000000 ---p 00000000 00:00 0 
7fbe30ff6000-7fbe317f6000 ---p 00000000 00:00 0 
7fbe317f6000-7fbe317f7000 ---p 00000000 00:00 0 
7fbe317f7000-7fbe318f8000 rw-p 00000000 00:00 0 
7fbe318f8000-7fbe318f9000 ---p 00000000 00:00 0 
7fbe318f9000-7fbe34000000 rw-p 00000000 00:00 0 
7fbe34000000-7fbe34021000 rw-p 00000000 00:00 0 
7fbe34021000-7fbe38000000 ---p 00000000 00:00 0 
7fbe380ac000-7fbe380ad000 ---p 00000000 00:00 0 
7fbe380ad000-7fbe381ae000 rw-p 00000000 00:00 0 
7fbe381ae000-7fbe381af000 ---p 00000000 00:00 0 
7fbe381af000-7fbe386a0000 rw-p 00000000 00:00 0 
7fbe386a0000-7fbe3b150000 ---p 00000000 00:00 0 
7fbe3b150000-7fbe3b158000 rw-p 00000000 00:00 0 
7fbe3b158000-7fbe3c158000 ---p 00000000 00:00 0 
7fbe3c158000-7fbe3c548000 rw-p 00000000 00:00 0 
7fbe3c548000-7fbe3eff8000 ---p 00000000 00:00 0 
7fbe3eff8000-7fbe3f000000 rw-p 00000000 00:00 0 
7fbe3f000000-7fbe40000000 ---p 00000000 00:00 0 
7fbe40000000-7fbe40021000 rw-p 00000000 00:00 0 
7fbe40021000-7fbe44000000 ---p 00000000 00:00 0 
7fbe44035000-7fbe441b6000 rw-p 00000000 00:00 0 
7fbe441b6000-7fbe4470c000 ---p 00000000 00:00 0 
7fbe4470c000-7fbe4470d000 rw-p 00000000 00:00 0 
7fbe4470d000-7fbe4490d000 ---p 00000000 00:00 0 
7fbe4490d000-7fbe44b7d000 rwxp 00000000 00:00 0 
7fbe44b7d000-7fbe44e9d000 ---p 00000000 00:00 0 
7fbe44e9d000-7fbe4510d000 rwxp 00000000 00:00 0 
7fbe4510d000-7fbe4c3d5000 ---p 00000000 00:00 0 
7fbe4c3d5000-7fbe4c645000 rwxp 00000000 00:00 0 
7fbe4c645000-7fbe5390d000 ---p 00000000 00:00 0 
7fbe5390d000-7fbe5c000000 r--s 00000000 08:01 264645                     /usr/lib/jvm/java-11-openjdk-amd64/lib/modules
7fbe5c000000-7fbe5c230000 rw-p 00000000 00:00 0 
7fbe5c230000-7fbe60000000 ---p 00000000 00:00 0 
7fbe6006d000-7fbe6016c000 rw-p 00000000 00:00 0 
7fbe6016c000-7fbe606c2000 ---p 00000000 00:00 0 
7fbe606c2000-7fbe606c3000 rw-p 00000000 00:00 0 
7fbe606c3000-7fbe608c3000 ---p 00000000 00:00 0 
7fbe608c3000-7fbe60941000 rw-p 00000000 00:00 0 
7fbe60941000-7fbe60e97000 ---p 00000000 00:00 0 
7fbe60e97000-7fbe60e98000 rw-p 00000000 00:00 0 
7fbe60e98000-7fbe61098000 ---p 00000000 00:00 0 
7fbe61098000-7fbe6169e000 rw-p 00000000 00:00 0 
7fbe6169e000-7fbe6169f000 ---p 00000000 00:00 0 
7fbe6169f000-7fbe617a5000 rw-p 00000000 00:00 0 
7fbe617a5000-7fbe6188b000 ---p 00000000 00:00 0 
7fbe6188b000-7fbe61890000 rw-p 00000000 00:00 0 
7fbe61890000-7fbe61976000 ---p 00000000 00:00 0 
7fbe61976000-7fbe6197b000 r-xp 00000000 08:01 264610                     /usr/lib/jvm/java-11-openjdk-amd64/lib/libjimage.so
7fbe6197b000-7fbe61b7a000 ---p 00005000 08:01 264610                     /usr/lib/jvm/java-11-openjdk-amd64/lib/libjimage.so
7fbe61b7a000-7fbe61b7b000 r--p 00004000 08:01 264610                     /usr/lib/jvm/java-11-openjdk-amd64/lib/libjimage.so
7fbe61b7b000-7fbe61b7c000 rw-p 00005000 08:01 264610                     /usr/lib/jvm/java-11-openjdk-amd64/lib/libjimage.so
7fbe61b7c000-7fbe61b83000 r-xp 00000000 08:01 264644                     /usr/lib/jvm/java-11-openjdk-amd64/lib/libzip.so
7fbe61b83000-7fbe61d82000 ---p 00007000 08:01 264644                     /usr/lib/jvm/java-11-openjdk-amd64/lib/libzip.so
7fbe61d82000-7fbe61d83000 r--p 00006000 08:01 264644                     /usr/lib/jvm/java-11-openjdk-amd64/lib/libzip.so
7fbe61d83000-7fbe61d84000 rw-p 00007000 08:01 264644                     /usr/lib/jvm/java-11-openjdk-amd64/lib/libzip.so
7fbe61d84000-7fbe61d8f000 r-xp 00000000 08:01 679313                     /lib/x86_64-linux-gnu/libnss_files-2.27.so
7fbe61d8f000-7fbe61f8e000 ---p 0000b000 08:01 679313                     /lib/x86_64-linux-gnu/libnss_files-2.27.so
7fbe61f8e000-7fbe61f8f000 r--p 0000a000 08:01 679313                     /lib/x86_64-linux-gnu/libnss_files-2.27.so
7fbe61f8f000-7fbe61f90000 rw-p 0000b000 08:01 679313                     /lib/x86_64-linux-gnu/libnss_files-2.27.so
7fbe61f90000-7fbe61f96000 rw-p 00000000 00:00 0 
7fbe61f96000-7fbe61fad000 r-xp 00000000 08:01 677191                     /lib/x86_64-linux-gnu/libnsl-2.27.so
7fbe61fad000-7fbe621ac000 ---p 00017000 08:01 677191                     /lib/x86_64-linux-gnu/libnsl-2.27.so
7fbe621ac000-7fbe621ad000 r--p 00016000 08:01 677191                     /lib/x86_64-linux-gnu/libnsl-2.27.so
7fbe621ad000-7fbe621ae000 rw-p 00017000 08:01 677191                     /lib/x86_64-linux-gnu/libnsl-2.27.so
7fbe621ae000-7fbe621b0000 rw-p 00000000 00:00 0 
7fbe621b0000-7fbe621bb000 r-xp 00000000 08:01 679315                     /lib/x86_64-linux-gnu/libnss_nis-2.27.so
7fbe621bb000-7fbe623ba000 ---p 0000b000 08:01 679315                     /lib/x86_64-linux-gnu/libnss_nis-2.27.so
7fbe623ba000-7fbe623bb000 r--p 0000a000 08:01 679315                     /lib/x86_64-linux-gnu/libnss_nis-2.27.so
7fbe623bb000-7fbe623bc000 rw-p 0000b000 08:01 679315                     /lib/x86_64-linux-gnu/libnss_nis-2.27.so
7fbe623bc000-7fbe623c4000 r-xp 00000000 08:01 679311                     /lib/x86_64-linux-gnu/libnss_compat-2.27.so
7fbe623c4000-7fbe625c4000 ---p 00008000 08:01 679311                     /lib/x86_64-linux-gnu/libnss_compat-2.27.so
7fbe625c4000-7fbe625c5000 r--p 00008000 08:01 679311                     /lib/x86_64-linux-gnu/libnss_compat-2.27.so
7fbe625c5000-7fbe625c6000 rw-p 00009000 08:01 679311                     /lib/x86_64-linux-gnu/libnss_compat-2.27.so
7fbe625c6000-7fbe625d0000 r-xp 00000000 08:01 264595                     /usr/lib/jvm/java-11-openjdk-amd64/lib/libinstrument.so
7fbe625d0000-7fbe627cf000 ---p 0000a000 08:01 264595                     /usr/lib/jvm/java-11-openjdk-amd64/lib/libinstrument.so
7fbe627cf000-7fbe627d0000 r--p 00009000 08:01 264595                     /usr/lib/jvm/java-11-openjdk-amd64/lib/libinstrument.so
7fbe627d0000-7fbe627d1000 rw-p 0000a000 08:01 264595                     /usr/lib/jvm/java-11-openjdk-amd64/lib/libinstrument.so
7fbe627d1000-7fbe6280d000 r-xp 00000000 08:01 264609                     /usr/lib/jvm/java-11-openjdk-amd64/lib/libjdwp.so
7fbe6280d000-7fbe62a0c000 ---p 0003c000 08:01 264609                     /usr/lib/jvm/java-11-openjdk-amd64/lib/libjdwp.so
7fbe62a0c000-7fbe62a0d000 r--p 0003b000 08:01 264609                     /usr/lib/jvm/java-11-openjdk-amd64/lib/libjdwp.so
7fbe62a0d000-7fbe62a0e000 rw-p 0003c000 08:01 264609                     /usr/lib/jvm/java-11-openjdk-amd64/lib/libjdwp.so
7fbe62a0e000-7fbe62a37000 r-xp 00000000 08:01 264606                     /usr/lib/jvm/java-11-openjdk-amd64/lib/libjava.so
7fbe62a37000-7fbe62c36000 ---p 00029000 08:01 264606                     /usr/lib/jvm/java-11-openjdk-amd64/lib/libjava.so
7fbe62c36000-7fbe62c37000 r--p 00028000 08:01 264606                     /usr/lib/jvm/java-11-openjdk-amd64/lib/libjava.so
7fbe62c37000-7fbe62c39000 rw-p 00029000 08:01 264606                     /usr/lib/jvm/java-11-openjdk-amd64/lib/libjava.so
7fbe62c39000-7fbe62c46000 r-xp 00000000 08:01 264643                     /usr/lib/jvm/java-11-openjdk-amd64/lib/libverify.so
7fbe62c46000-7fbe62e45000 ---p 0000d000 08:01 264643                     /usr/lib/jvm/java-11-openjdk-amd64/lib/libverify.so
7fbe62e45000-7fbe62e47000 r--p 0000c000 08:01 264643                     /usr/lib/jvm/java-11-openjdk-amd64/lib/libverify.so
7fbe62e47000-7fbe62e48000 rw-p 0000e000 08:01 264643                     /usr/lib/jvm/java-11-openjdk-amd64/lib/libverify.so
7fbe62e48000-7fbe62e4f000 r-xp 00000000 08:01 679320                     /lib/x86_64-linux-gnu/librt-2.27.so
7fbe62e4f000-7fbe6304e000 ---p 00007000 08:01 679320                     /lib/x86_64-linux-gnu/librt-2.27.so
7fbe6304e000-7fbe6304f000 r--p 00006000 08:01 679320                     /lib/x86_64-linux-gnu/librt-2.27.so
7fbe6304f000-7fbe63050000 rw-p 00007000 08:01 679320                     /lib/x86_64-linux-gnu/librt-2.27.so
7fbe63050000-7fbe63067000 r-xp 00000000 08:01 655995                     /lib/x86_64-linux-gnu/libgcc_s.so.1
7fbe63067000-7fbe63266000 ---p 00017000 08:01 655995                     /lib/x86_64-linux-gnu/libgcc_s.so.1
7fbe63266000-7fbe63267000 r--p 00016000 08:01 655995                     /lib/x86_64-linux-gnu/libgcc_s.so.1
7fbe63267000-7fbe63268000 rw-p 00017000 08:01 655995                     /lib/x86_64-linux-gnu/libgcc_s.so.1
7fbe63268000-7fbe63405000 r-xp 00000000 08:01 677171                     /lib/x86_64-linux-gnu/libm-2.27.so
7fbe63405000-7fbe63604000 ---p 0019d000 08:01 677171                     /lib/x86_64-linux-gnu/libm-2.27.so
7fbe63604000-7fbe63605000 r--p 0019c000 08:01 677171                     /lib/x86_64-linux-gnu/libm-2.27.so
7fbe63605000-7fbe63606000 rw-p 0019d000 08:01 677171                     /lib/x86_64-linux-gnu/libm-2.27.so
7fbe63606000-7fbe6377f000 r-xp 00000000 08:01 133944                     /usr/lib/x86_64-linux-gnu/libstdc++.so.6.0.25
7fbe6377f000-7fbe6397f000 ---p 00179000 08:01 133944                     /usr/lib/x86_64-linux-gnu/libstdc++.so.6.0.25
7fbe6397f000-7fbe63989000 r--p 00179000 08:01 133944                     /usr/lib/x86_64-linux-gnu/libstdc++.so.6.0.25
7fbe63989000-7fbe6398b000 rw-p 00183000 08:01 133944                     /usr/lib/x86_64-linux-gnu/libstdc++.so.6.0.25
7fbe6398b000-7fbe6398f000 rw-p 00000000 00:00 0 
7fbe6398f000-7fbe64a6c000 r-xp 00000000 08:01 264650                     /usr/lib/jvm/java-11-openjdk-amd64/lib/server/libjvm.so
7fbe64a6c000-7fbe64c6b000 ---p 010dd000 08:01 264650                     /usr/lib/jvm/java-11-openjdk-amd64/lib/server/libjvm.so
7fbe64c6b000-7fbe64d28000 r--p 010dc000 08:01 264650                     /usr/lib/jvm/java-11-openjdk-amd64/lib/server/libjvm.so
7fbe64d28000-7fbe64d62000 rw-p 01199000 08:01 264650                     /usr/lib/jvm/java-11-openjdk-amd64/lib/server/libjvm.so
7fbe64d62000-7fbe64db8000 rw-p 00000000 00:00 0 
7fbe64db8000-7fbe64dd2000 r-xp 00000000 08:01 679318                     /lib/x86_64-linux-gnu/libpthread-2.27.so
7fbe64dd2000-7fbe64fd1000 ---p 0001a000 08:01 679318                     /lib/x86_64-linux-gnu/libpthread-2.27.so
7fbe64fd1000-7fbe64fd2000 r--p 00019000 08:01 679318                     /lib/x86_64-linux-gnu/libpthread-2.27.so
7fbe64fd2000-7fbe64fd3000 rw-p 0001a000 08:01 679318                     /lib/x86_64-linux-gnu/libpthread-2.27.so
7fbe64fd3000-7fbe64fd7000 rw-p 00000000 00:00 0 
7fbe64fd7000-7fbe64fda000 r-xp 00000000 08:01 677170                     /lib/x86_64-linux-gnu/libdl-2.27.so
7fbe64fda000-7fbe651d9000 ---p 00003000 08:01 677170                     /lib/x86_64-linux-gnu/libdl-2.27.so
7fbe651d9000-7fbe651da000 r--p 00002000 08:01 677170                     /lib/x86_64-linux-gnu/libdl-2.27.so
7fbe651da000-7fbe651db000 rw-p 00003000 08:01 677170                     /lib/x86_64-linux-gnu/libdl-2.27.so
7fbe651db000-7fbe651f7000 r-xp 00000000 08:01 661180                     /lib/x86_64-linux-gnu/libz.so.1.2.11
7fbe651f7000-7fbe653f6000 ---p 0001c000 08:01 661180                     /lib/x86_64-linux-gnu/libz.so.1.2.11
7fbe653f6000-7fbe653f7000 r--p 0001b000 08:01 661180                     /lib/x86_64-linux-gnu/libz.so.1.2.11
7fbe653f7000-7fbe653f8000 rw-p 0001c000 08:01 661180                     /lib/x86_64-linux-gnu/libz.so.1.2.11
7fbe653f8000-7fbe655df000 r-xp 00000000 08:01 676685                     /lib/x86_64-linux-gnu/libc-2.27.so
7fbe655df000-7fbe657df000 ---p 001e7000 08:01 676685                     /lib/x86_64-linux-gnu/libc-2.27.so
7fbe657df000-7fbe657e3000 r--p 001e7000 08:01 676685                     /lib/x86_64-linux-gnu/libc-2.27.so
7fbe657e3000-7fbe657e5000 rw-p 001eb000 08:01 676685                     /lib/x86_64-linux-gnu/libc-2.27.so
7fbe657e5000-7fbe657e9000 rw-p 00000000 00:00 0 
7fbe657e9000-7fbe657f9000 r-xp 00000000 08:01 264584                     /usr/lib/jvm/java-11-openjdk-amd64/lib/jli/libjli.so
7fbe657f9000-7fbe659f8000 ---p 00010000 08:01 264584                     /usr/lib/jvm/java-11-openjdk-amd64/lib/jli/libjli.so
7fbe659f8000-7fbe659f9000 r--p 0000f000 08:01 264584                     /usr/lib/jvm/java-11-openjdk-amd64/lib/jli/libjli.so
7fbe659f9000-7fbe659fa000 rw-p 00010000 08:01 264584                     /usr/lib/jvm/java-11-openjdk-amd64/lib/jli/libjli.so
7fbe659fa000-7fbe65a21000 r-xp 00000000 08:01 655671                     /lib/x86_64-linux-gnu/ld-2.27.so
7fbe65a9f000-7fbe65aff000 rw-p 00000000 00:00 0 
7fbe65aff000-7fbe65b06000 ---p 00000000 00:00 0 
7fbe65b06000-7fbe65b0a000 ---p 00000000 00:00 0 
7fbe65b0a000-7fbe65c09000 rw-p 00000000 00:00 0 
7fbe65c13000-7fbe65c15000 r--s 00007000 08:01 394575                     /usr/share/java/java-atk-wrapper.jar
7fbe65c15000-7fbe65c1d000 rw-s 00000000 08:01 1311053                    /tmp/hsperfdata_root/21503
7fbe65c1d000-7fbe65c1e000 ---p 00000000 00:00 0 
7fbe65c1e000-7fbe65c1f000 r--p 00000000 00:00 0 
7fbe65c1f000-7fbe65c21000 rw-p 00000000 00:00 0 
7fbe65c21000-7fbe65c22000 r--p 00027000 08:01 655671                     /lib/x86_64-linux-gnu/ld-2.27.so
7fbe65c22000-7fbe65c23000 rw-p 00028000 08:01 655671                     /lib/x86_64-linux-gnu/ld-2.27.so
7fbe65c23000-7fbe65c24000 rw-p 00000000 00:00 0 
7fff84390000-7fff843b3000 rw-p 00000000 00:00 0                          [stack]
7fff843ec000-7fff843ef000 r--p 00000000 00:00 0                          [vvar]
7fff843ef000-7fff843f1000 r-xp 00000000 00:00 0                          [vdso]
ffffffffff600000-ffffffffff601000 r-xp 00000000 00:00 0                  [vsyscall]


VM Arguments:
jvm_args: -agentlib:jdwp=transport=dt_socket,suspend=y,address=localhost:33443 -javaagent:/home/caleb/eclipse/java-2020-06/eclipse/configuration/org.eclipse.osgi/215/0/.cp/lib/javaagent-shaded.jar -Dfile.encoding=UTF-8 
java_command: edu.stevens.cs549.hadoop.pagerank.PageRankDriver composite /home/caleb/Documents/data/init/input/links-simple-sorted /home/caleb/Documents/data/finish/output /home/caleb/Documents/data/iter/output /home/caleb/Documents/data/iter/output2 /home/caleb/Documents/data/diff/output 20
java_class_path (initial): /home/caleb/Documents/git/page-rank/target/classes:/root/.m2/repository/org/apache/hadoop/hadoop-client/3.2.1-amzn-0/hadoop-client-3.2.1-amzn-0.jar:/root/.m2/repository/org/apache/hadoop/hadoop-common/3.2.1-amzn-0/hadoop-common-3.2.1-amzn-0.jar:/root/.m2/repository/com/google/guava/guava/11.0.2/guava-11.0.2.jar:/root/.m2/repository/commons-cli/commons-cli/1.2/commons-cli-1.2.jar:/root/.m2/repository/org/apache/commons/commons-math3/3.1.1/commons-math3-3.1.1.jar:/root/.m2/repository/org/apache/httpcomponents/httpclient/4.5.9/httpclient-4.5.9.jar:/root/.m2/repository/org/apache/httpcomponents/httpcore/4.4.11/httpcore-4.4.11.jar:/root/.m2/repository/commons-codec/commons-codec/1.11/commons-codec-1.11.jar:/root/.m2/repository/commons-io/commons-io/2.5/commons-io-2.5.jar:/root/.m2/repository/commons-net/commons-net/3.6/commons-net-3.6.jar:/root/.m2/repository/commons-collections/commons-collections/3.2.2/commons-collections-3.2.2.jar:/root/.m2/repository/org/eclipse/jetty/jetty-servlet/9.3.19.v20170502/jetty-servlet-9.3.19.v20170502.jar:/root/.m2/repository/org/eclipse/jetty/jetty-security/9.3.19.v20170502/jetty-security-9.3.19.v20170502.jar:/root/.m2/repository/org/eclipse/jetty/jetty-webapp/9.3.19.v20170502/jetty-webapp-9.3.19.v20170502.jar:/root/.m2/repository/org/eclipse/jetty/jetty-xml/9.3.19.v20170502/jetty-xml-9.3.19.v20170502.jar:/root/.m2/repository/javax/servlet/jsp/jsp-api/2.1/jsp-api-2.1.jar:/root/.m2/repository/com/sun/jersey/jersey-servlet/1.19/jersey-servlet-1.19.jar:/root/.m2/repository/commons-logging/commons-logging/1.1.3/commons-logging-1.1.3.jar:/root/.m2/repository/log4j/log4j/1.2.17/log4j-1.2.17.jar:/root/.m2/repository/commons-beanutils/commons-beanutils/1.9.3/commons-beanutils-1.9.3.jar:/root/.m2/repository/org/apache/commons/commons-configuration2/2.1.1/commons-configuration2-2.1.1.jar:/root/.m2/repository/org/apache/commons/commons-lang3/3.7/commons-lang3-3.7.jar:/root/.m2/repository/org/apache/commons/commons-text/1
Launcher Type: SUN_STANDARD

[Global flags]
     intx CICompilerCount                          = 3                                         {product} {ergonomic}
     uint ConcGCThreads                            = 2                                         {product} {ergonomic}
     uint G1ConcRefinementThreads                  = 6                                         {product} {ergonomic}
   size_t G1HeapRegionSize                         = 1048576                                   {product} {ergonomic}
    uintx GCDrainStackTargetSize                   = 64                                        {product} {ergonomic}
   size_t InitialHeapSize                          = 264241152                                 {product} {ergonomic}
   size_t MarkStackSize                            = 4194304                                   {product} {ergonomic}
   size_t MaxHeapSize                              = 4204789760                                {product} {ergonomic}
   size_t MaxNewSize                               = 2522873856                                {product} {ergonomic}
   size_t MinHeapDeltaBytes                        = 1048576                                   {product} {ergonomic}
    uintx NonNMethodCodeHeapSize                   = 5830732                                {pd product} {ergonomic}
    uintx NonProfiledCodeHeapSize                  = 122913754                              {pd product} {ergonomic}
    uintx ProfiledCodeHeapSize                     = 122913754                              {pd product} {ergonomic}
    uintx ReservedCodeCacheSize                    = 251658240                              {pd product} {ergonomic}
     bool SegmentedCodeCache                       = true                                      {product} {ergonomic}
     bool UseCompressedClassPointers               = true                                 {lp64_product} {ergonomic}
     bool UseCompressedOops                        = true                                 {lp64_product} {ergonomic}
     bool UseG1GC                                  = true                                      {product} {ergonomic}

Logging:
Log output configuration:
 #0: stdout all=warning uptime,level,tags
 #1: stderr all=off uptime,level,tags

Environment Variables:
PATH=/usr/local/sbin:/usr/local/bin:/usr/sbin:/usr/bin:/sbin:/bin:/snap/bin
USERNAME=root
SHELL=/bin/bash
DISPLAY=:1

Signal Handlers:
SIGSEGV: [libjvm.so+0xdf8d00], sa_mask[0]=11111111011111111101111111111110, sa_flags=SA_RESTART|SA_SIGINFO
SIGBUS: [libjvm.so+0xdf8d00], sa_mask[0]=11111111011111111101111111111110, sa_flags=SA_RESTART|SA_SIGINFO
SIGFPE: [libjvm.so+0xdf8d00], sa_mask[0]=11111111011111111101111111111110, sa_flags=SA_RESTART|SA_SIGINFO
SIGPIPE: [libjvm.so+0xbcbc30], sa_mask[0]=11111111011111111101111111111110, sa_flags=SA_RESTART|SA_SIGINFO
SIGXFSZ: [libjvm.so+0xbcbc30], sa_mask[0]=11111111011111111101111111111110, sa_flags=SA_RESTART|SA_SIGINFO
SIGILL: [libjvm.so+0xdf8d00], sa_mask[0]=11111111011111111101111111111110, sa_flags=SA_RESTART|SA_SIGINFO
SIGUSR2: [libjvm.so+0xbcbad0], sa_mask[0]=00100000000000000000000000000000, sa_flags=SA_RESTART|SA_SIGINFO
SIGHUP: SIG_DFL, sa_mask[0]=00000000000000000000000000000000, sa_flags=none
SIGINT: SIG_DFL, sa_mask[0]=00000000000000000000000000000000, sa_flags=none
SIGTERM: SIG_DFL, sa_mask[0]=00000000000000000000000000000000, sa_flags=none
SIGQUIT: SIG_DFL, sa_mask[0]=00000000000000000000000000000000, sa_flags=none


---------------  S Y S T E M  ---------------

OS:DISTRIB_ID=Ubuntu
DISTRIB_RELEASE=18.04
DISTRIB_CODENAME=bionic
DISTRIB_DESCRIPTION="Ubuntu 18.04.4 LTS"
uname:Linux 4.15.0-101-generic #102-Ubuntu SMP Mon May 11 10:07:26 UTC 2020 x86_64
OS uptime: 0 days 3:45 hours
libc:glibc 2.27 NPTL 2.27 
rlimit: STACK 8192k, CORE 0k, NPROC 63976, NOFILE 4096, AS infinity, CPU infinity, DATA infinity, FSIZE infinity
load average:0.62 0.59 0.57

/proc/meminfo:
MemTotal:       16424780 kB
MemFree:         9442080 kB
MemAvailable:   13219016 kB
Buffers:           93516 kB
Cached:          3890528 kB
SwapCached:            0 kB
Active:          3152556 kB
Inactive:        3515104 kB
Active(anon):    2684432 kB
Inactive(anon):    29244 kB
Active(file):     468124 kB
Inactive(file):  3485860 kB
Unevictable:         224 kB
Mlocked:             224 kB
SwapTotal:        969960 kB
SwapFree:         969960 kB
Dirty:                20 kB
Writeback:             0 kB
AnonPages:       2683688 kB
Mapped:           324212 kB
Shmem:             30064 kB
Slab:             191540 kB
SReclaimable:     148648 kB
SUnreclaim:        42892 kB
KernelStack:       13480 kB
PageTables:        58516 kB
NFS_Unstable:          0 kB
Bounce:                0 kB
WritebackTmp:          0 kB
CommitLimit:     9182348 kB
Committed_AS:    8211444 kB
VmallocTotal:   34359738367 kB
VmallocUsed:           0 kB
VmallocChunk:          0 kB
HardwareCorrupted:     0 kB
AnonHugePages:         0 kB
ShmemHugePages:        0 kB
ShmemPmdMapped:        0 kB
CmaTotal:              0 kB
CmaFree:               0 kB
HugePages_Total:       0
HugePages_Free:        0
HugePages_Rsvd:        0
HugePages_Surp:        0
Hugepagesize:       2048 kB
DirectMap4k:      120768 kB
DirectMap2M:    16656384 kB


/proc/sys/kernel/threads-max (system-wide limit on the number of threads):
127952


/proc/sys/vm/max_map_count (maximum number of memory map areas a process may have):
65530


/proc/sys/kernel/pid_max (system-wide limit on number of process identifiers):
32768



container (cgroup) information:
container_type: cgroupv1
cpu_cpuset_cpus: 0-5
cpu_memory_nodes: 0
active_processor_count: 6
cpu_quota: -1
cpu_period: 100000
cpu_shares: -1
memory_limit_in_bytes: -1
memory_and_swap_limit_in_bytes: -2
memory_soft_limit_in_bytes: -1
memory_usage_in_bytes: 6828257280
memory_max_usage_in_bytes: 0

KVM virtualization detected
Steal ticks since vm start: 0
Steal ticks percentage since vm start:  0.000

CPU:total 6 (initial active 6) (6 cores per cpu, 6 threads per core) family 23 model 1 stepping 1, cmov, cx8, fxsr, mmx, sse, sse2, sse3, ssse3, sse4.1, sse4.2, popcnt, avx, avx2, aes, clmul, mmxext, lzcnt, sse4a, ht, tsc, tscinvbit, tscinv
CPU Model and flags from /proc/cpuinfo:
model name	: AMD Ryzen 5 1600 Six-Core Processor
flags		: fpu vme de pse tsc msr pae mce cx8 apic sep mtrr pge mca cmov pat pse36 clflush mmx fxsr sse sse2 ht syscall nx mmxext fxsr_opt rdtscp lm constant_tsc rep_good nopl nonstop_tsc cpuid extd_apicid tsc_known_freq pni pclmulqdq ssse3 cx16 sse4_1 sse4_2 x2apic movbe popcnt aes xsave avx rdrand hypervisor lahf_lm cmp_legacy cr8_legacy abm sse4a misalignsse 3dnowprefetch ssbd vmmcall fsgsbase avx2 rdseed clflushopt arat

Memory: 4k page, physical 16424780k(9442080k free), swap 969960k(969960k free)

vm_info: OpenJDK 64-Bit Server VM (11.0.7+10-post-Ubuntu-2ubuntu218.04) for linux-amd64 JRE (11.0.7+10-post-Ubuntu-2ubuntu218.04), built on Apr 15 2020 21:12:54 by "unknown" with gcc 7.5.0

END.
